<?xml version="1.0" encoding="UTF-8"?>
<testsuite xmlns:xsi="http://www.w3.org/2001/XMLSchema-instance" xsi:noNamespaceSchemaLocation="https://maven.apache.org/surefire/maven-surefire-plugin/xsd/surefire-test-report.xsd" name="com.vertex.pact.ConsumerPactTest" time="1.901" tests="2" errors="0" skipped="0" failures="0">
  <properties>
[...]
</properties>
  <testcase name="testGetBooksByUserId{MockServer}" classname="com.vertex.pact.ConsumerPactTest" time="1.402"/>
  <testcase name="testGetBooksByNonExistedUserId{MockServer}" classname="com.vertex.pact.ConsumerPactTest" time="0.154"/>
</testsuite>