<?xml version="1.0" encoding="UTF-8"?>
<testsuite xmlns:xsi="http://www.w3.org/2001/XMLSchema-instance" xsi:noNamespaceSchemaLocation="https://maven.apache.org/surefire/maven-surefire-plugin/xsd/surefire-test-report.xsd" name="com.vertex.pact.ProviderPactTest" time="0.708" tests="1" errors="1" skipped="0" failures="0">
  <properties>
[...]
</properties>
  <testcase name="verifyPact{PactVerificationContext}" classname="com.vertex.pact.ProviderPactTest" time="0.705">
    <error message="At least one pact source must be present on the test class" type="java.lang.UnsupportedOperationException">java.lang.UnsupportedOperationException: At least one pact source must be present on the test class
</error>
    <system-out><![CDATA[20:26:06.138 [main] DEBUG org.springframework.test.context.BootstrapUtils - Instantiating CacheAwareContextLoaderDelegate from class [org.springframework.test.context.cache.DefaultCacheAwareContextLoaderDelegate]
20:26:06.148 [main] DEBUG org.springframework.test.context.BootstrapUtils - Instantiating BootstrapContext using constructor [public org.springframework.test.context.support.DefaultBootstrapContext(java.lang.Class,org.springframework.test.context.CacheAwareContextLoaderDelegate)]
20:26:06.182 [main] DEBUG org.springframework.test.context.BootstrapUtils - Instantiating TestContextBootstrapper for test class [com.vertex.pact.ProviderPactTest] from class [org.springframework.boot.test.context.SpringBootTestContextBootstrapper]
20:26:06.193 [main] INFO org.springframework.boot.test.context.SpringBootTestContextBootstrapper - Neither @ContextConfiguration nor @ContextHierarchy found for test class [com.vertex.pact.ProviderPactTest], using SpringBootContextLoader
20:26:06.197 [main] DEBUG org.springframework.test.context.support.AbstractContextLoader - Did not detect default resource location for test class [com.vertex.pact.ProviderPactTest]: class path resource [com/vertex/pact/ProviderPactTest-context.xml] does not exist
20:26:06.198 [main] DEBUG org.springframework.test.context.support.AbstractContextLoader - Did not detect default resource location for test class [com.vertex.pact.ProviderPactTest]: class path resource [com/vertex/pact/ProviderPactTestContext.groovy] does not exist
20:26:06.198 [main] INFO org.springframework.test.context.support.AbstractContextLoader - Could not detect default resource locations for test class [com.vertex.pact.ProviderPactTest]: no resource found for suffixes {-context.xml, Context.groovy}.
20:26:06.199 [main] INFO org.springframework.test.context.support.AnnotationConfigContextLoaderUtils - Could not detect default configuration classes for test class [com.vertex.pact.ProviderPactTest]: ProviderPactTest does not declare any static, non-private, non-final, nested classes annotated with @Configuration.
20:26:06.244 [main] DEBUG org.springframework.test.context.support.ActiveProfilesUtils - Could not find an 'annotation declaring class' for annotation type [org.springframework.test.context.ActiveProfiles] and class [com.vertex.pact.ProviderPactTest]
20:26:06.293 [main] DEBUG org.springframework.context.annotation.ClassPathScanningCandidateComponentProvider - Identified candidate component class: file [C:\Pact\provider\target\classes\com\vertex\BookApp.class]
20:26:06.294 [main] INFO org.springframework.boot.test.context.SpringBootTestContextBootstrapper - Found @SpringBootConfiguration com.vertex.BookApp for test class com.vertex.pact.ProviderPactTest
20:26:06.373 [main] DEBUG org.springframework.boot.test.context.SpringBootTestContextBootstrapper - @TestExecutionListeners is not present for class [com.vertex.pact.ProviderPactTest]: using defaults.
20:26:06.374 [main] INFO org.springframework.boot.test.context.SpringBootTestContextBootstrapper - Loaded default TestExecutionListener class names from location [META-INF/spring.factories]: [org.springframework.boot.test.mock.mockito.MockitoTestExecutionListener, org.springframework.boot.test.mock.mockito.ResetMocksTestExecutionListener, org.springframework.boot.test.autoconfigure.restdocs.RestDocsTestExecutionListener, org.springframework.boot.test.autoconfigure.web.client.MockRestServiceServerResetTestExecutionListener, org.springframework.boot.test.autoconfigure.web.servlet.MockMvcPrintOnlyOnFailureTestExecutionListener, org.springframework.boot.test.autoconfigure.web.servlet.WebDriverTestExecutionListener, org.springframework.boot.test.autoconfigure.webservices.client.MockWebServiceServerTestExecutionListener, org.springframework.test.context.web.ServletTestExecutionListener, org.springframework.test.context.support.DirtiesContextBeforeModesTestExecutionListener, org.springframework.test.context.event.ApplicationEventsTestExecutionListener, org.springframework.test.context.support.DependencyInjectionTestExecutionListener, org.springframework.test.context.support.DirtiesContextTestExecutionListener, org.springframework.test.context.transaction.TransactionalTestExecutionListener, org.springframework.test.context.jdbc.SqlScriptsTestExecutionListener, org.springframework.test.context.event.EventPublishingTestExecutionListener]
20:26:06.385 [main] DEBUG org.springframework.boot.test.context.SpringBootTestContextBootstrapper - Skipping candidate TestExecutionListener [org.springframework.test.context.transaction.TransactionalTestExecutionListener] due to a missing dependency. Specify custom listener classes or make the default listener classes and their required dependencies available. Offending class: [org/springframework/transaction/interceptor/TransactionAttributeSource]
20:26:06.386 [main] DEBUG org.springframework.boot.test.context.SpringBootTestContextBootstrapper - Skipping candidate TestExecutionListener [org.springframework.test.context.jdbc.SqlScriptsTestExecutionListener] due to a missing dependency. Specify custom listener classes or make the default listener classes and their required dependencies available. Offending class: [org/springframework/transaction/interceptor/TransactionAttribute]
20:26:06.386 [main] INFO org.springframework.boot.test.context.SpringBootTestContextBootstrapper - Using TestExecutionListeners: [org.springframework.test.context.web.ServletTestExecutionListener@57ac5227, org.springframework.test.context.support.DirtiesContextBeforeModesTestExecutionListener@4ba302e0, org.springframework.test.context.event.ApplicationEventsTestExecutionListener@e98770d, org.springframework.boot.test.mock.mockito.MockitoTestExecutionListener@1ae67cad, org.springframework.boot.test.autoconfigure.SpringBootDependencyInjectionTestExecutionListener@2f6e28bc, org.springframework.test.context.support.DirtiesContextTestExecutionListener@7c098bb3, org.springframework.test.context.event.EventPublishingTestExecutionListener@31e4bb20, org.springframework.boot.test.mock.mockito.ResetMocksTestExecutionListener@18cebaa5, org.springframework.boot.test.autoconfigure.restdocs.RestDocsTestExecutionListener@463b4ac8, org.springframework.boot.test.autoconfigure.web.client.MockRestServiceServerResetTestExecutionListener@765f05af, org.springframework.boot.test.autoconfigure.web.servlet.MockMvcPrintOnlyOnFailureTestExecutionListener@62f68dff, org.springframework.boot.test.autoconfigure.web.servlet.WebDriverTestExecutionListener@f001896, org.springframework.boot.test.autoconfigure.webservices.client.MockWebServiceServerTestExecutionListener@13f17eb4]
20:26:06.390 [main] DEBUG org.springframework.test.context.support.AbstractDirtiesContextTestExecutionListener - Before test class: context [DefaultTestContext@72ea6193 testClass = ProviderPactTest, testInstance = [null], testMethod = [null], testException = [null], mergedContextConfiguration = [WebMergedContextConfiguration@31aa3ca5 testClass = ProviderPactTest, locations = '{}', classes = '{class com.vertex.BookApp}', contextInitializerClasses = '[]', activeProfiles = '{}', propertySourceLocations = '{}', propertySourceProperties = '{org.springframework.boot.test.context.SpringBootTestContextBootstrapper=true, server.port=0}', contextCustomizers = set[org.springframework.boot.test.context.filter.ExcludeFilterContextCustomizer@48c76607, org.springframework.boot.test.json.DuplicateJsonObjectContextCustomizerFactory$DuplicateJsonObjectContextCustomizer@6b6776cb, org.springframework.boot.test.mock.mockito.MockitoContextCustomizer@0, org.springframework.boot.test.web.client.TestRestTemplateContextCustomizer@1acaf3d, org.springframework.boot.test.autoconfigure.actuate.metrics.MetricsExportContextCustomizerFactory$DisableMetricExportContextCustomizer@3fc79729, org.springframework.boot.test.autoconfigure.properties.PropertyMappingContextCustomizer@0, org.springframework.boot.test.autoconfigure.web.servlet.WebDriverContextCustomizerFactory$Customizer@7c51f34b, org.springframework.boot.test.context.SpringBootTestArgs@1, org.springframework.boot.test.context.SpringBootTestWebEnvironment@222545dc], resourceBasePath = 'src/main/webapp', contextLoader = 'org.springframework.boot.test.context.SpringBootContextLoader', parent = [null]], attributes = map['org.springframework.test.context.web.ServletTestExecutionListener.activateListener' -> false]], class annotated with @DirtiesContext [false] with mode [null].
20:26:06.403 [main] DEBUG au.com.dius.pact.provider.junit5.PactVerificationInvocationContextProvider - provideTestTemplateInvocationContexts called
20:26:06.407 [main] DEBUG au.com.dius.pact.provider.junit5.PactVerificationInvocationContextProvider - Verifying pacts for provider 'bookService' and consumer 'null'
20:26:06.408 [main] DEBUG au.com.dius.pact.provider.junit5.PactVerificationInvocationContextProvider - Pact source on test class: null
20:26:06.782 [main] DEBUG au.com.dius.pact.provider.junit5.PactVerificationInvocationContextProvider - Pact loaders on test class: []
]]></system-out>
  </testcase>
</testsuite>